Using pre-set license
Built from '2021.3/staging' branch; Version is '2021.3.22f1 (b6c551784ba3) revision 11978065'; Using compiler version '192829333'; Build Type 'Release'
OS: 'Windows 10  (10.0.19045) 64bit Core' Language: 'en' Physical Memory: 65446 MB
BatchMode: 1, IsHumanControllingUs: 0, StartBugReporterOnCrash: 0, Is64bit: 1, IsPro: 1

COMMAND LINE ARGUMENTS:
D:\Unityhub\2021.3.22f1\Editor\Unity.exe
-adb2
-batchMode
-noUpm
-name
AssetImportWorker2
-projectPath
C:/Users/User/Desktop/Fighter Planes
-logFile
Logs/AssetImportWorker2.log
-srvPort
57360
Successfully changed project path to: C:/Users/User/Desktop/Fighter Planes
C:/Users/User/Desktop/Fighter Planes
[UnityMemory] Configuration Parameters - Can be set up in boot.config
    "memorysetup-bucket-allocator-granularity=16"
    "memorysetup-bucket-allocator-bucket-count=8"
    "memorysetup-bucket-allocator-block-size=33554432"
    "memorysetup-bucket-allocator-block-count=8"
    "memorysetup-main-allocator-block-size=16777216"
    "memorysetup-thread-allocator-block-size=16777216"
    "memorysetup-gfx-main-allocator-block-size=16777216"
    "memorysetup-gfx-thread-allocator-block-size=16777216"
    "memorysetup-cache-allocator-block-size=4194304"
    "memorysetup-typetree-allocator-block-size=2097152"
    "memorysetup-profiler-bucket-allocator-granularity=16"
    "memorysetup-profiler-bucket-allocator-bucket-count=8"
    "memorysetup-profiler-bucket-allocator-block-size=33554432"
    "memorysetup-profiler-bucket-allocator-block-count=8"
    "memorysetup-profiler-allocator-block-size=16777216"
    "memorysetup-profiler-editor-allocator-block-size=1048576"
    "memorysetup-temp-allocator-size-main=16777216"
    "memorysetup-job-temp-allocator-block-size=2097152"
    "memorysetup-job-temp-allocator-block-size-background=1048576"
    "memorysetup-job-temp-allocator-reduction-small-platforms=262144"
    "memorysetup-temp-allocator-size-background-worker=32768"
    "memorysetup-temp-allocator-size-job-worker=262144"
    "memorysetup-temp-allocator-size-preload-manager=33554432"
    "memorysetup-temp-allocator-size-nav-mesh-worker=65536"
    "memorysetup-temp-allocator-size-audio-worker=65536"
    "memorysetup-temp-allocator-size-cloud-worker=32768"
    "memorysetup-temp-allocator-size-gi-baking-worker=262144"
    "memorysetup-temp-allocator-size-gfx=262144"
Player connection [45500] Host "[IP] 192.168.1.241 [Port] 0 [Flags] 2 [Guid] 830967748 [EditorId] 830967748 [Version] 1048832 [Id] WindowsEditor(7,MININT-JS3T173) [Debug] 1 [PackageName] WindowsEditor [ProjectName] Editor" joined multi-casting on [225.0.0.222:54997]...

Player connection [45500] Host "[IP] 192.168.1.241 [Port] 0 [Flags] 2 [Guid] 830967748 [EditorId] 830967748 [Version] 1048832 [Id] WindowsEditor(7,MININT-JS3T173) [Debug] 1 [PackageName] WindowsEditor [ProjectName] Editor" joined alternative multi-casting on [225.0.0.222:34997]...

Refreshing native plugins compatible for Editor in 76.34 ms, found 3 plugins.
Preloading 0 native plugins for Editor in 0.00 ms.
Initialize engine version: 2021.3.22f1 (b6c551784ba3)
[Subsystems] Discovering subsystems at path D:/Unityhub/2021.3.22f1/Editor/Data/Resources/UnitySubsystems
[Subsystems] Discovering subsystems at path C:/Users/User/Desktop/Fighter Planes/Assets
GfxDevice: creating device client; threaded=0; jobified=0
Direct3D:
    Version:  Direct3D 11.0 [level 11.1]
    Renderer: NVIDIA GeForce RTX 2070 SUPER (ID=0x1e84)
    Vendor:   NVIDIA
    VRAM:     7989 MB
    Driver:   32.0.15.6603
Initialize mono
Mono path[0] = 'D:/Unityhub/2021.3.22f1/Editor/Data/Managed'
Mono path[1] = 'D:/Unityhub/2021.3.22f1/Editor/Data/MonoBleedingEdge/lib/mono/unityjit-win32'
Mono config path = 'D:/Unityhub/2021.3.22f1/Editor/Data/MonoBleedingEdge/etc'
Using monoOptions --debugger-agent=transport=dt_socket,embedding=1,server=y,suspend=n,address=127.0.0.1:56496
Begin MonoManager ReloadAssembly
Registering precompiled unity dll's ...
Register platform support module: D:/Unityhub/2021.3.22f1/Editor/Data/PlaybackEngines/WebGLSupport/UnityEditor.WebGL.Extensions.dll
Register platform support module: D:/Unityhub/2021.3.22f1/Editor/Data/PlaybackEngines/WindowsStandaloneSupport/UnityEditor.WindowsStandalone.Extensions.dll
Registered in 0.004046 seconds.
Native extension for WindowsStandalone target not found
Native extension for WebGL target not found
Refreshing native plugins compatible for Editor in 70.38 ms, found 3 plugins.
Preloading 0 native plugins for Editor in 0.00 ms.
Mono: successfully reloaded assembly
- Completed reload, in  0.632 seconds
Domain Reload Profiling:
	ReloadAssembly (633ms)
		BeginReloadAssembly (107ms)
			ExecutionOrderSort (0ms)
			DisableScriptedObjects (0ms)
			BackupInstance (0ms)
			ReleaseScriptingObjects (0ms)
			CreateAndSetChildDomain (1ms)
		EndReloadAssembly (435ms)
			LoadAssemblies (107ms)
			RebuildTransferFunctionScriptingTraits (0ms)
			SetupTypeCache (102ms)
			ReleaseScriptCaches (0ms)
			RebuildScriptCaches (25ms)
			SetupLoadedEditorAssemblies (263ms)
				LogAssemblyErrors (0ms)
				InitializePlatformSupportModulesInManaged (7ms)
				SetLoadedEditorAssemblies (0ms)
				RefreshPlugins (70ms)
				BeforeProcessingInitializeOnLoad (1ms)
				ProcessInitializeOnLoadAttributes (135ms)
				ProcessInitializeOnLoadMethodAttributes (48ms)
				AfterProcessingInitializeOnLoad (0ms)
				EditorAssembliesLoaded (0ms)
			ExecutionOrderSort2 (0ms)
			AwakeInstancesAfterBackupRestoration (0ms)
Platform modules already initialized, skipping
Registering precompiled user dll's ...
Registered in 0.007943 seconds.
Begin MonoManager ReloadAssembly
Native extension for WindowsStandalone target not found
Native extension for WebGL target not found
Refreshing native plugins compatible for Editor in 0.80 ms, found 3 plugins.
Preloading 0 native plugins for Editor in 0.00 ms.
Mono: successfully reloaded assembly
- Completed reload, in  1.053 seconds
Domain Reload Profiling:
	ReloadAssembly (1054ms)
		BeginReloadAssembly (137ms)
			ExecutionOrderSort (0ms)
			DisableScriptedObjects (5ms)
			BackupInstance (0ms)
			ReleaseScriptingObjects (0ms)
			CreateAndSetChildDomain (17ms)
		EndReloadAssembly (816ms)
			LoadAssemblies (112ms)
			RebuildTransferFunctionScriptingTraits (0ms)
			SetupTypeCache (252ms)
			ReleaseScriptCaches (1ms)
			RebuildScriptCaches (47ms)
			SetupLoadedEditorAssemblies (404ms)
				LogAssemblyErrors (0ms)
				InitializePlatformSupportModulesInManaged (5ms)
				SetLoadedEditorAssemblies (0ms)
				RefreshPlugins (1ms)
				BeforeProcessingInitializeOnLoad (73ms)
				ProcessInitializeOnLoadAttributes (305ms)
				ProcessInitializeOnLoadMethodAttributes (16ms)
				AfterProcessingInitializeOnLoad (3ms)
				EditorAssembliesLoaded (0ms)
			ExecutionOrderSort2 (0ms)
			AwakeInstancesAfterBackupRestoration (6ms)
Platform modules already initialized, skipping
========================================================================
Worker process is ready to serve import requests
Launched and connected shader compiler UnityShaderCompiler.exe after 0.06 seconds
Refreshing native plugins compatible for Editor in 0.72 ms, found 3 plugins.
Preloading 0 native plugins for Editor in 0.00 ms.
Unloading 3089 Unused Serialized files (Serialized files now loaded: 0)
Unloading 23 unused Assets / (56.5 KB). Loaded Objects now: 3550.
Memory consumption went from 110.6 MB to 110.6 MB.
Total: 3.220100 ms (FindLiveObjects: 0.315000 ms CreateObjectMapping: 0.081000 ms MarkObjects: 2.716700 ms  DeleteObjects: 0.106200 ms)

AssetImportParameters requested are different than current active one (requested -> active):
  custom:video-decoder-ogg-theora: a1e56fd34408186e4bbccfd4996cb3dc -> 
  custom:container-muxer-webm: aa71ff27fc2769a1b78a27578f13a17b -> 
  custom:container-demuxer-webm: 4f35f7cbe854078d1ac9338744f61a02 -> 
  custom:video-encoder-webm-vp8: eb34c28f22e8b96e1ab97ce403110664 -> 
  custom:audio-encoder-webm-vorbis: bf7c407c2cedff20999df2af8eb42d56 -> 
  custom:framework-win-MediaFoundation: 216162199b28c13a410421893ffa2e32 -> 
  custom:container-demuxer-ogg: 62fdf1f143b41e24485cea50d1cbac27 -> 
  custom:video-decoder-webm-vp8: 9c59270c3fd7afecdb556c50c9e8de78 -> 
  custom:audio-decoder-ogg-vorbis: bf7c407c2cedff20999df2af8eb42d56 -> 
========================================================================
Received Import Request.
  Time since last request: 31367.396761 seconds.
  path: Assets/Sprites/cloud.png
  artifactKey: Guid(ea2375b16f1aebd459ccc61e72c3d1e6) Importer(815301076,1909f56bfc062723c751e8b465ee728b)
Start importing Assets/Sprites/cloud.png using Guid(ea2375b16f1aebd459ccc61e72c3d1e6) Importer(815301076,1909f56bfc062723c751e8b465ee728b)  -> (artifact id: 'a42a79ea446a6419305b0ff709517c3b') in 0.149086 seconds 
========================================================================
Received Import Request.
  Time since last request: 12.260358 seconds.
  path: Assets/Sprites/Coin
  artifactKey: Guid(c3763d07aad68804180f14a000299833) Importer(815301076,1909f56bfc062723c751e8b465ee728b)
Start importing Assets/Sprites/Coin using Guid(c3763d07aad68804180f14a000299833) Importer(815301076,1909f56bfc062723c751e8b465ee728b)  -> (artifact id: '9f51744f81a5b5486180e62989d142e9') in 0.001940 seconds 
========================================================================
Received Import Request.
  Time since last request: 0.046039 seconds.
  path: Assets/Sprites/Coin/frame-1.png
  artifactKey: Guid(8249c9636535d924bb76398995706495) Importer(815301076,1909f56bfc062723c751e8b465ee728b)
Start importing Assets/Sprites/Coin/frame-1.png using Guid(8249c9636535d924bb76398995706495) Importer(815301076,1909f56bfc062723c751e8b465ee728b)  -> (artifact id: 'a7b5fed9fe152ecac3d444af8e198c1f') in 0.010842 seconds 
========================================================================
Received Import Request.
  Time since last request: 0.033320 seconds.
  path: Assets/Sprites/Coin/frame-7.png
  artifactKey: Guid(b1b2520c94958284ebd754180a1aaec3) Importer(815301076,1909f56bfc062723c751e8b465ee728b)
Start importing Assets/Sprites/Coin/frame-7.png using Guid(b1b2520c94958284ebd754180a1aaec3) Importer(815301076,1909f56bfc062723c751e8b465ee728b)  -> (artifact id: '32cdfd327b5ee63aa23b7dd788553196') in 0.011133 seconds 
========================================================================
Received Import Request.
  Time since last request: 0.000018 seconds.
  path: Assets/Sprites/Coin/frame-5.png
  artifactKey: Guid(4576b3508dc0bee46849e97351721831) Importer(815301076,1909f56bfc062723c751e8b465ee728b)
Start importing Assets/Sprites/Coin/frame-5.png using Guid(4576b3508dc0bee46849e97351721831) Importer(815301076,1909f56bfc062723c751e8b465ee728b)  -> (artifact id: 'be862eae4bebc762454e717cc5d3569e') in 0.009515 seconds 
========================================================================
Received Import Request.
  Time since last request: 0.000027 seconds.
  path: Assets/Sprites/Coin/frame-10.png
  artifactKey: Guid(faaf063ecfaefea41a4bd8b8da77ccd4) Importer(815301076,1909f56bfc062723c751e8b465ee728b)
Start importing Assets/Sprites/Coin/frame-10.png using Guid(faaf063ecfaefea41a4bd8b8da77ccd4) Importer(815301076,1909f56bfc062723c751e8b465ee728b)  -> (artifact id: 'd33afa2f271d5461f45798e530d8957a') in 0.009277 seconds 
========================================================================
Received Import Request.
  Time since last request: 11.210654 seconds.
  path: Assets/Sprites/Explosion/Explosion_00001.png
  artifactKey: Guid(7e39224e1fd099e4b812a22aa7fd67fd) Importer(815301076,1909f56bfc062723c751e8b465ee728b)
Start importing Assets/Sprites/Explosion/Explosion_00001.png using Guid(7e39224e1fd099e4b812a22aa7fd67fd) Importer(815301076,1909f56bfc062723c751e8b465ee728b)  -> (artifact id: '3f349442b63057223178a140de18f36c') in 0.030602 seconds 
========================================================================
Received Import Request.
  Time since last request: 0.007867 seconds.
  path: Assets/Sprites/Explosion/Explosion_00005.png
  artifactKey: Guid(a14d9d88115dd3f4c899b6562d4b8004) Importer(815301076,1909f56bfc062723c751e8b465ee728b)
Start importing Assets/Sprites/Explosion/Explosion_00005.png using Guid(a14d9d88115dd3f4c899b6562d4b8004) Importer(815301076,1909f56bfc062723c751e8b465ee728b)  -> (artifact id: '3de5b5634fc4c6238a9cca96781ec138') in 0.025573 seconds 
========================================================================
Received Import Request.
  Time since last request: 0.051337 seconds.
  path: Assets/Sprites/Explosion/Explosion_00014.png
  artifactKey: Guid(1ade53af28b247444b7bffd83b519c22) Importer(815301076,1909f56bfc062723c751e8b465ee728b)
Start importing Assets/Sprites/Explosion/Explosion_00014.png using Guid(1ade53af28b247444b7bffd83b519c22) Importer(815301076,1909f56bfc062723c751e8b465ee728b)  -> (artifact id: '1c2073db2a5943afbad53fb281f6d4b5') in 0.037560 seconds 
========================================================================
Received Import Request.
  Time since last request: 0.017703 seconds.
  path: Assets/Sprites/Explosion/Explosion_00019.png
  artifactKey: Guid(446cb9bf5f72b6c4ab347f6e19829d8f) Importer(815301076,1909f56bfc062723c751e8b465ee728b)
Start importing Assets/Sprites/Explosion/Explosion_00019.png using Guid(446cb9bf5f72b6c4ab347f6e19829d8f) Importer(815301076,1909f56bfc062723c751e8b465ee728b)  -> (artifact id: '23cca2ae7ea62b1070d9eeadabd7495b') in 0.046955 seconds 
========================================================================
Received Import Request.
  Time since last request: 0.000017 seconds.
  path: Assets/Sprites/Explosion/Explosion_00085.png
  artifactKey: Guid(9415f09aa094ed849b7d7bf195870bf0) Importer(815301076,1909f56bfc062723c751e8b465ee728b)
Start importing Assets/Sprites/Explosion/Explosion_00085.png using Guid(9415f09aa094ed849b7d7bf195870bf0) Importer(815301076,1909f56bfc062723c751e8b465ee728b)  -> (artifact id: '1655abd4e84bb157a0f6fd1da15415bf') in 0.053658 seconds 
========================================================================
Received Import Request.
  Time since last request: 0.000022 seconds.
  path: Assets/Sprites/Explosion/Explosion_00156.png
  artifactKey: Guid(76727ce385dde5b40925090c7b609449) Importer(815301076,1909f56bfc062723c751e8b465ee728b)
Start importing Assets/Sprites/Explosion/Explosion_00156.png using Guid(76727ce385dde5b40925090c7b609449) Importer(815301076,1909f56bfc062723c751e8b465ee728b)  -> (artifact id: 'bb262774d6df256905d75ec690ac69cf') in 0.077978 seconds 
========================================================================
Received Import Request.
  Time since last request: 0.000029 seconds.
  path: Assets/Sprites/Explosion/Explosion_00029.png
  artifactKey: Guid(01a0d66f549c3004db1eae319b330925) Importer(815301076,1909f56bfc062723c751e8b465ee728b)
Start importing Assets/Sprites/Explosion/Explosion_00029.png using Guid(01a0d66f549c3004db1eae319b330925) Importer(815301076,1909f56bfc062723c751e8b465ee728b)  -> (artifact id: '2cd22f477ecc1b100390b277de3418d9') in 0.086441 seconds 
========================================================================
Received Import Request.
  Time since last request: 0.000019 seconds.
  path: Assets/Sprites/Explosion/Explosion_00066.png
  artifactKey: Guid(23be054d03a7a8d4c9d0421c64993aa7) Importer(815301076,1909f56bfc062723c751e8b465ee728b)
Start importing Assets/Sprites/Explosion/Explosion_00066.png using Guid(23be054d03a7a8d4c9d0421c64993aa7) Importer(815301076,1909f56bfc062723c751e8b465ee728b)  -> (artifact id: '2f68020f662ac0612a4ae3ccc4ad1d9d') in 0.033230 seconds 
========================================================================
Received Import Request.
  Time since last request: 0.000019 seconds.
  path: Assets/Sprites/Explosion/Explosion_00107.png
  artifactKey: Guid(ef817b9d26c277a4697e144c23daf1f5) Importer(815301076,1909f56bfc062723c751e8b465ee728b)
Start importing Assets/Sprites/Explosion/Explosion_00107.png using Guid(ef817b9d26c277a4697e144c23daf1f5) Importer(815301076,1909f56bfc062723c751e8b465ee728b)  -> (artifact id: 'a1941c0fb2f6b6fdb265530755dcbae7') in 0.025406 seconds 
========================================================================
Received Import Request.
  Time since last request: 0.000020 seconds.
  path: Assets/Sprites/Explosion/Explosion_00076.png
  artifactKey: Guid(8375f7f979a03c747802436916237059) Importer(815301076,1909f56bfc062723c751e8b465ee728b)
Start importing Assets/Sprites/Explosion/Explosion_00076.png using Guid(8375f7f979a03c747802436916237059) Importer(815301076,1909f56bfc062723c751e8b465ee728b)  -> (artifact id: 'e2d3d84e54284e890028ab74449c5782') in 0.032446 seconds 
========================================================================
Received Import Request.
  Time since last request: 0.000021 seconds.
  path: Assets/Sprites/Explosion/Explosion_00096.png
  artifactKey: Guid(7deede390a276424c892fa180cba53b6) Importer(815301076,1909f56bfc062723c751e8b465ee728b)
Start importing Assets/Sprites/Explosion/Explosion_00096.png using Guid(7deede390a276424c892fa180cba53b6) Importer(815301076,1909f56bfc062723c751e8b465ee728b)  -> (artifact id: '06e1e411c6a33c58b96935aa540515db') in 0.035153 seconds 
========================================================================
Received Import Request.
  Time since last request: 0.000042 seconds.
  path: Assets/Sprites/Explosion/Explosion_00065.png
  artifactKey: Guid(bfc01f0c9d7f2d84e9645f69db846e70) Importer(815301076,1909f56bfc062723c751e8b465ee728b)
Start importing Assets/Sprites/Explosion/Explosion_00065.png using Guid(bfc01f0c9d7f2d84e9645f69db846e70) Importer(815301076,1909f56bfc062723c751e8b465ee728b)  -> (artifact id: 'cff1bfdc87abb818d8567b4e16b56a6f') in 0.038155 seconds 
========================================================================
Received Import Request.
  Time since last request: 0.000032 seconds.
  path: Assets/Sprites/Explosion/Explosion_00111.png
  artifactKey: Guid(566880e6b2249a647af54a1554548a68) Importer(815301076,1909f56bfc062723c751e8b465ee728b)
Start importing Assets/Sprites/Explosion/Explosion_00111.png using Guid(566880e6b2249a647af54a1554548a68) Importer(815301076,1909f56bfc062723c751e8b465ee728b)  -> (artifact id: '84332ba9fc9b020eea88d66e8d55ad65') in 0.025878 seconds 
========================================================================
Received Import Request.
  Time since last request: 0.000030 seconds.
  path: Assets/Sprites/Explosion/Explosion_00056.png
  artifactKey: Guid(043a09533b7b0e845b0427158426a553) Importer(815301076,1909f56bfc062723c751e8b465ee728b)
Start importing Assets/Sprites/Explosion/Explosion_00056.png using Guid(043a09533b7b0e845b0427158426a553) Importer(815301076,1909f56bfc062723c751e8b465ee728b)  -> (artifact id: '6494a9011cc075ff06f92cd89e08d513') in 0.038128 seconds 
========================================================================
Received Import Request.
  Time since last request: 0.000023 seconds.
  path: Assets/Sprites/Explosion/Explosion_00045.png
  artifactKey: Guid(236b78ead41f19f44b46486680b02e03) Importer(815301076,1909f56bfc062723c751e8b465ee728b)
Start importing Assets/Sprites/Explosion/Explosion_00045.png using Guid(236b78ead41f19f44b46486680b02e03) Importer(815301076,1909f56bfc062723c751e8b465ee728b)  -> (artifact id: 'f04acf3df85df9b83cb4711284dd043e') in 0.067894 seconds 
========================================================================
Received Import Request.
  Time since last request: 0.000021 seconds.
  path: Assets/Sprites/Explosion/Explosion_00089.png
  artifactKey: Guid(d62b5a55600d4c24f897743a530481d7) Importer(815301076,1909f56bfc062723c751e8b465ee728b)
Start importing Assets/Sprites/Explosion/Explosion_00089.png using Guid(d62b5a55600d4c24f897743a530481d7) Importer(815301076,1909f56bfc062723c751e8b465ee728b)  -> (artifact id: '626e4997d940dd60cada01bd609cfa15') in 0.031027 seconds 
========================================================================
Received Import Request.
  Time since last request: 0.000024 seconds.
  path: Assets/Sprites/Explosion/Explosion_00010.png
  artifactKey: Guid(ae8f65f6dbc68884a92ae0c9eb824206) Importer(815301076,1909f56bfc062723c751e8b465ee728b)
Start importing Assets/Sprites/Explosion/Explosion_00010.png using Guid(ae8f65f6dbc68884a92ae0c9eb824206) Importer(815301076,1909f56bfc062723c751e8b465ee728b)  -> (artifact id: 'b9d66fb1648e9c169fca151a143f09c2') in 0.022013 seconds 
========================================================================
Received Import Request.
  Time since last request: 0.000033 seconds.
  path: Assets/Sprites/Explosion/Explosion_00073.png
  artifactKey: Guid(f2054416a137209408fbbdedf2cae4aa) Importer(815301076,1909f56bfc062723c751e8b465ee728b)
Start importing Assets/Sprites/Explosion/Explosion_00073.png using Guid(f2054416a137209408fbbdedf2cae4aa) Importer(815301076,1909f56bfc062723c751e8b465ee728b)  -> (artifact id: '875704c33a83b12fec75fa66837fb451') in 0.035464 seconds 
========================================================================
Received Import Request.
  Time since last request: 0.000031 seconds.
  path: Assets/Sprites/Explosion/Explosion_00103.png
  artifactKey: Guid(9b94fd6941c63ae46b62a5d951808fbc) Importer(815301076,1909f56bfc062723c751e8b465ee728b)
Start importing Assets/Sprites/Explosion/Explosion_00103.png using Guid(9b94fd6941c63ae46b62a5d951808fbc) Importer(815301076,1909f56bfc062723c751e8b465ee728b)  -> (artifact id: '467361e6f22d2096eb9833833348d6eb') in 0.026803 seconds 
========================================================================
Received Import Request.
  Time since last request: 0.000022 seconds.
  path: Assets/Sprites/Explosion/Explosion_00033.png
  artifactKey: Guid(03d5d77f0078b374da19d9866b6c39bb) Importer(815301076,1909f56bfc062723c751e8b465ee728b)
Start importing Assets/Sprites/Explosion/Explosion_00033.png using Guid(03d5d77f0078b374da19d9866b6c39bb) Importer(815301076,1909f56bfc062723c751e8b465ee728b)  -> (artifact id: '1badaf50435cb0c24223dbf5264bfafe') in 0.035269 seconds 
========================================================================
Received Import Request.
  Time since last request: 0.000024 seconds.
  path: Assets/Sprites/Explosion/Explosion_00013.png
  artifactKey: Guid(7e8125fffe0b1344eb80e38ee392bb31) Importer(815301076,1909f56bfc062723c751e8b465ee728b)
Start importing Assets/Sprites/Explosion/Explosion_00013.png using Guid(7e8125fffe0b1344eb80e38ee392bb31) Importer(815301076,1909f56bfc062723c751e8b465ee728b)  -> (artifact id: '4eb7a888ded8ba9fc406174d7d83977b') in 0.028525 seconds 
========================================================================
Received Import Request.
  Time since last request: 0.000020 seconds.
  path: Assets/Sprites/Explosion/Explosion_00035.png
  artifactKey: Guid(b19c24db61c75ab4c96e6690b31ef419) Importer(815301076,1909f56bfc062723c751e8b465ee728b)
Start importing Assets/Sprites/Explosion/Explosion_00035.png using Guid(b19c24db61c75ab4c96e6690b31ef419) Importer(815301076,1909f56bfc062723c751e8b465ee728b)  -> (artifact id: '2d7bfe31ca3910b6cd50a087cdab5225') in 0.036097 seconds 
========================================================================
Received Import Request.
  Time since last request: 0.000021 seconds.
  path: Assets/Sprites/Explosion/Explosion_00083.png
  artifactKey: Guid(5d76d81e5a592c14ea33f67546271aba) Importer(815301076,1909f56bfc062723c751e8b465ee728b)
Start importing Assets/Sprites/Explosion/Explosion_00083.png using Guid(5d76d81e5a592c14ea33f67546271aba) Importer(815301076,1909f56bfc062723c751e8b465ee728b)  -> (artifact id: '45f1b1de24db8b3b2bf24205e17f2426') in 0.033278 seconds 
========================================================================
Received Import Request.
  Time since last request: 0.000025 seconds.
  path: Assets/Sprites/Explosion/Explosion_00049.png
  artifactKey: Guid(88384a67eb485524f918a55d8e2f023c) Importer(815301076,1909f56bfc062723c751e8b465ee728b)
Start importing Assets/Sprites/Explosion/Explosion_00049.png using Guid(88384a67eb485524f918a55d8e2f023c) Importer(815301076,1909f56bfc062723c751e8b465ee728b)  -> (artifact id: '22e308c31d2878405e4fbd7885fced54') in 0.037298 seconds 
========================================================================
Received Import Request.
  Time since last request: 0.000029 seconds.
  path: Assets/Sprites/Explosion/Explosion_00151.png
  artifactKey: Guid(63b2eff035ab53e47acf0098c3059b90) Importer(815301076,1909f56bfc062723c751e8b465ee728b)
Start importing Assets/Sprites/Explosion/Explosion_00151.png using Guid(63b2eff035ab53e47acf0098c3059b90) Importer(815301076,1909f56bfc062723c751e8b465ee728b)  -> (artifact id: 'e125c0dd844b6598fed04433d9c7ce51') in 0.020011 seconds 
========================================================================
Received Import Request.
  Time since last request: 0.000034 seconds.
  path: Assets/Sprites/Explosion/Explosion_00087.png
  artifactKey: Guid(be6e0e9520c3a394883f87a810cb79df) Importer(815301076,1909f56bfc062723c751e8b465ee728b)
Start importing Assets/Sprites/Explosion/Explosion_00087.png using Guid(be6e0e9520c3a394883f87a810cb79df) Importer(815301076,1909f56bfc062723c751e8b465ee728b)  -> (artifact id: 'b40573f2eb92423f7f580e37274c0bb1') in 0.031990 seconds 
========================================================================
Received Import Request.
  Time since last request: 0.000019 seconds.
  path: Assets/Sprites/Explosion/Explosion_00067.png
  artifactKey: Guid(58bdcaf36127009419258cc858ced1bb) Importer(815301076,1909f56bfc062723c751e8b465ee728b)
Start importing Assets/Sprites/Explosion/Explosion_00067.png using Guid(58bdcaf36127009419258cc858ced1bb) Importer(815301076,1909f56bfc062723c751e8b465ee728b)  -> (artifact id: 'ed78ff249081c95fff537007ea0c72fb') in 0.039354 seconds 
========================================================================
Received Import Request.
  Time since last request: 0.000023 seconds.
  path: Assets/Sprites/Explosion/Explosion_00057.png
  artifactKey: Guid(cc5d528cd5ced7547a731a123205222d) Importer(815301076,1909f56bfc062723c751e8b465ee728b)
Start importing Assets/Sprites/Explosion/Explosion_00057.png using Guid(cc5d528cd5ced7547a731a123205222d) Importer(815301076,1909f56bfc062723c751e8b465ee728b)  -> (artifact id: '77ec651c96f53a0303fa8dfe712cc6b3') in 0.091701 seconds 
========================================================================
Received Import Request.
  Time since last request: 0.000020 seconds.
  path: Assets/Sprites/Explosion/Explosion_00091.png
  artifactKey: Guid(32fdb7dfd2a24a1439913fcb050d6c51) Importer(815301076,1909f56bfc062723c751e8b465ee728b)
Start importing Assets/Sprites/Explosion/Explosion_00091.png using Guid(32fdb7dfd2a24a1439913fcb050d6c51) Importer(815301076,1909f56bfc062723c751e8b465ee728b)  -> (artifact id: '73771e2a2bd81d01a6788dbe4549b0c3') in 0.083881 seconds 
========================================================================
Received Import Request.
  Time since last request: 0.000022 seconds.
  path: Assets/Sprites/Explosion/Explosion_00119.png
  artifactKey: Guid(5c7b77721def83744bba90bf45d3188b) Importer(815301076,1909f56bfc062723c751e8b465ee728b)
Start importing Assets/Sprites/Explosion/Explosion_00119.png using Guid(5c7b77721def83744bba90bf45d3188b) Importer(815301076,1909f56bfc062723c751e8b465ee728b)  -> (artifact id: '2a83828c1aa5504fcf9bedbdbb119d7d') in 0.026569 seconds 
========================================================================
Received Import Request.
  Time since last request: 29.182552 seconds.
  path: Assets/TextMesh Pro/Resources/Fonts & Materials/LiberationSans SDF - Drop Shadow.mat
  artifactKey: Guid(e73a58f6e2794ae7b1b7e50b7fb811b0) Importer(815301076,1909f56bfc062723c751e8b465ee728b)
Start importing Assets/TextMesh Pro/Resources/Fonts & Materials/LiberationSans SDF - Drop Shadow.mat using Guid(e73a58f6e2794ae7b1b7e50b7fb811b0) Importer(815301076,1909f56bfc062723c751e8b465ee728b)  -> (artifact id: 'd092630e8cbd75d18cb74c245c931be9') in 0.109572 seconds 
